{"/Users/andy/Documents/GitHub/cruzAndresDemo/src/Utils/constants.ts": {"path":"/Users/andy/Documents/GitHub/cruzAndresDemo/src/Utils/constants.ts","statementMap":{"0":{"start":{"line":1,"column":30},"end":{"line":15,"column":1}},"1":{"start":{"line":18,"column":2},"end":{"line":18,"column":63}}},"fnMap":{},"branchMap":{},"s":{"0":7,"1":7},"f":{},"b":{},"_coverageSchema":"1a1c01bbd47fc00a2c39e90264f33305004495a9","hash":"99b1706f1533c44a48910d7fbb90a5cc9c29154b"}
,"/Users/andy/Documents/GitHub/cruzAndresDemo/src/Utils/utils.ts": {"path":"/Users/andy/Documents/GitHub/cruzAndresDemo/src/Utils/utils.ts","statementMap":{"0":{"start":{"line":2,"column":46},"end":{"line":6,"column":3}},"1":{"start":{"line":7,"column":21},"end":{"line":7,"column":41}},"2":{"start":{"line":8,"column":2},"end":{"line":8,"column":51}}},"fnMap":{"0":{"name":"formatDate","decl":{"start":{"line":1,"column":9},"end":{"line":1,"column":19}},"loc":{"start":{"line":1,"column":48},"end":{"line":9,"column":1}},"line":1}},"branchMap":{},"s":{"0":4,"1":4,"2":4},"f":{"0":4},"b":{},"_coverageSchema":"1a1c01bbd47fc00a2c39e90264f33305004495a9","hash":"9922bf3666a5d843cc9a7a258555329450c2a7ef"}
,"/Users/andy/Documents/GitHub/cruzAndresDemo/src/components/Product/ProductButton.tsx": {"path":"/Users/andy/Documents/GitHub/cruzAndresDemo/src/components/Product/ProductButton.tsx","statementMap":{"0":{"start":{"line":16,"column":22},"end":{"line":26,"column":1}},"1":{"start":{"line":17,"column":2},"end":{"line":25,"column":4}},"2":{"start":{"line":28,"column":15},"end":{"line":41,"column":2}}},"fnMap":{"0":{"name":"(anonymous_0)","decl":{"start":{"line":16,"column":22},"end":{"line":16,"column":23}},"loc":{"start":{"line":16,"column":69},"end":{"line":26,"column":1}},"line":16}},"branchMap":{},"s":{"0":2,"1":7,"2":2},"f":{"0":7},"b":{},"_coverageSchema":"1a1c01bbd47fc00a2c39e90264f33305004495a9","hash":"01c64a8110f88a4778745cac521bd043a9ec080a"}
,"/Users/andy/Documents/GitHub/cruzAndresDemo/src/components/Product/ProductPoints/FilterButtons.tsx": {"path":"/Users/andy/Documents/GitHub/cruzAndresDemo/src/components/Product/ProductPoints/FilterButtons.tsx","statementMap":{"0":{"start":{"line":11,"column":22},"end":{"line":26,"column":1}},"1":{"start":{"line":12,"column":2},"end":{"line":25,"column":4}},"2":{"start":{"line":16,"column":23},"end":{"line":16,"column":38}},"3":{"start":{"line":28,"column":15},"end":{"line":42,"column":2}}},"fnMap":{"0":{"name":"(anonymous_0)","decl":{"start":{"line":11,"column":22},"end":{"line":11,"column":23}},"loc":{"start":{"line":11,"column":75},"end":{"line":26,"column":1}},"line":11},"1":{"name":"(anonymous_1)","decl":{"start":{"line":16,"column":17},"end":{"line":16,"column":18}},"loc":{"start":{"line":16,"column":23},"end":{"line":16,"column":38}},"line":16}},"branchMap":{},"s":{"0":1,"1":10,"2":4,"3":1},"f":{"0":10,"1":4},"b":{},"_coverageSchema":"1a1c01bbd47fc00a2c39e90264f33305004495a9","hash":"13b9f67af943b752c3a01f41b88cb96bed019e14"}
,"/Users/andy/Documents/GitHub/cruzAndresDemo/src/components/Product/ProductPoints/ProductItem.tsx": {"path":"/Users/andy/Documents/GitHub/cruzAndresDemo/src/components/Product/ProductPoints/ProductItem.tsx","statementMap":{"0":{"start":{"line":12,"column":21},"end":{"line":12,"column":77}},"1":{"start":{"line":14,"column":61},"end":{"line":14,"column":69}},"2":{"start":{"line":16,"column":30},"end":{"line":16,"column":51}},"3":{"start":{"line":19,"column":4},"end":{"line":24,"column":7}},"4":{"start":{"line":27,"column":2},"end":{"line":66,"column":4}},"5":{"start":{"line":69,"column":15},"end":{"line":119,"column":2}}},"fnMap":{"0":{"name":"ProductItem","decl":{"start":{"line":11,"column":9},"end":{"line":11,"column":20}},"loc":{"start":{"line":11,"column":40},"end":{"line":67,"column":1}},"line":11},"1":{"name":"navigateToProductPointsDetails","decl":{"start":{"line":18,"column":11},"end":{"line":18,"column":41}},"loc":{"start":{"line":18,"column":44},"end":{"line":25,"column":3}},"line":18}},"branchMap":{"0":{"loc":{"start":{"line":53,"column":14},"end":{"line":53,"column":76}},"type":"cond-expr","locations":[{"start":{"line":53,"column":30},"end":{"line":53,"column":51}},{"start":{"line":53,"column":54},"end":{"line":53,"column":76}}],"line":53},"1":{"loc":{"start":{"line":55,"column":13},"end":{"line":55,"column":38}},"type":"cond-expr","locations":[{"start":{"line":55,"column":29},"end":{"line":55,"column":32}},{"start":{"line":55,"column":35},"end":{"line":55,"column":38}}],"line":55}},"s":{"0":3,"1":3,"2":3,"3":1,"4":3,"5":3},"f":{"0":3,"1":1},"b":{"0":[2,1],"1":[2,1]},"_coverageSchema":"1a1c01bbd47fc00a2c39e90264f33305004495a9","hash":"38084f82e9f1f81901964aac98ddd119cf7318a5"}
,"/Users/andy/Documents/GitHub/cruzAndresDemo/src/components/Product/ProductPoints/ProductPointsCard.tsx": {"path":"/Users/andy/Documents/GitHub/cruzAndresDemo/src/components/Product/ProductPoints/ProductPointsCard.tsx","statementMap":{"0":{"start":{"line":9,"column":26},"end":{"line":25,"column":1}},"1":{"start":{"line":10,"column":2},"end":{"line":24,"column":4}},"2":{"start":{"line":27,"column":15},"end":{"line":60,"column":2}}},"fnMap":{"0":{"name":"(anonymous_0)","decl":{"start":{"line":9,"column":26},"end":{"line":9,"column":27}},"loc":{"start":{"line":9,"column":60},"end":{"line":25,"column":1}},"line":9}},"branchMap":{},"s":{"0":2,"1":17,"2":2},"f":{"0":17},"b":{},"_coverageSchema":"1a1c01bbd47fc00a2c39e90264f33305004495a9","hash":"9fc42697b1c7edf50e9bd745154a6c1462ea6fc3"}
,"/Users/andy/Documents/GitHub/cruzAndresDemo/src/components/Product/ProductPoints/ProductPointsList.tsx": {"path":"/Users/andy/Documents/GitHub/cruzAndresDemo/src/components/Product/ProductPoints/ProductPointsList.tsx","statementMap":{"0":{"start":{"line":11,"column":26},"end":{"line":30,"column":1}},"1":{"start":{"line":12,"column":2},"end":{"line":29,"column":4}},"2":{"start":{"line":22,"column":12},"end":{"line":22,"column":54}},"3":{"start":{"line":32,"column":15},"end":{"line":53,"column":2}}},"fnMap":{"0":{"name":"(anonymous_0)","decl":{"start":{"line":11,"column":26},"end":{"line":11,"column":27}},"loc":{"start":{"line":11,"column":57},"end":{"line":30,"column":1}},"line":11},"1":{"name":"(anonymous_1)","decl":{"start":{"line":21,"column":22},"end":{"line":21,"column":23}},"loc":{"start":{"line":21,"column":34},"end":{"line":23,"column":11}},"line":21}},"branchMap":{},"s":{"0":2,"1":18,"2":1,"3":2},"f":{"0":18,"1":1},"b":{},"_coverageSchema":"1a1c01bbd47fc00a2c39e90264f33305004495a9","hash":"0e7e5f2db9bc0b2e447df9ffd9c58bd7617ddd65"}
,"/Users/andy/Documents/GitHub/cruzAndresDemo/src/components/Product/ProductPoints/WelcomeBackUser.tsx": {"path":"/Users/andy/Documents/GitHub/cruzAndresDemo/src/components/Product/ProductPoints/WelcomeBackUser.tsx","statementMap":{"0":{"start":{"line":6,"column":24},"end":{"line":17,"column":1}},"1":{"start":{"line":7,"column":2},"end":{"line":16,"column":4}},"2":{"start":{"line":19,"column":15},"end":{"line":24,"column":2}}},"fnMap":{"0":{"name":"(anonymous_0)","decl":{"start":{"line":6,"column":24},"end":{"line":6,"column":25}},"loc":{"start":{"line":6,"column":30},"end":{"line":17,"column":1}},"line":6}},"branchMap":{},"s":{"0":2,"1":17,"2":2},"f":{"0":17},"b":{},"_coverageSchema":"1a1c01bbd47fc00a2c39e90264f33305004495a9","hash":"a8ce385f3e1c8d0a70d813ddd45bdcd2b2bfb9bb"}
,"/Users/andy/Documents/GitHub/cruzAndresDemo/src/components/Product/ProductPointsDetails/ProductImage.tsx": {"path":"/Users/andy/Documents/GitHub/cruzAndresDemo/src/components/Product/ProductPointsDetails/ProductImage.tsx","statementMap":{"0":{"start":{"line":9,"column":21},"end":{"line":23,"column":1}},"1":{"start":{"line":10,"column":2},"end":{"line":22,"column":4}},"2":{"start":{"line":25,"column":15},"end":{"line":49,"column":2}}},"fnMap":{"0":{"name":"(anonymous_0)","decl":{"start":{"line":9,"column":21},"end":{"line":9,"column":22}},"loc":{"start":{"line":9,"column":55},"end":{"line":23,"column":1}},"line":9}},"branchMap":{},"s":{"0":2,"1":2,"2":2},"f":{"0":2},"b":{},"_coverageSchema":"1a1c01bbd47fc00a2c39e90264f33305004495a9","hash":"6e76360fea8d5618cfbf64ee47102579b7f1610d"}
,"/Users/andy/Documents/GitHub/cruzAndresDemo/src/components/Product/ProductPointsDetails/ProductInformation.tsx": {"path":"/Users/andy/Documents/GitHub/cruzAndresDemo/src/components/Product/ProductPointsDetails/ProductInformation.tsx","statementMap":{"0":{"start":{"line":11,"column":27},"end":{"line":31,"column":1}},"1":{"start":{"line":15,"column":2},"end":{"line":30,"column":4}},"2":{"start":{"line":33,"column":15},"end":{"line":50,"column":2}}},"fnMap":{"0":{"name":"(anonymous_0)","decl":{"start":{"line":11,"column":27},"end":{"line":11,"column":28}},"loc":{"start":{"line":14,"column":26},"end":{"line":31,"column":1}},"line":14}},"branchMap":{},"s":{"0":2,"1":2,"2":2},"f":{"0":2},"b":{},"_coverageSchema":"1a1c01bbd47fc00a2c39e90264f33305004495a9","hash":"9e20c2e472d186cdaf7ba65f8a456b170d60d5f4"}
,"/Users/andy/Documents/GitHub/cruzAndresDemo/src/components/Product/ProductPointsDetails/ProductName.tsx": {"path":"/Users/andy/Documents/GitHub/cruzAndresDemo/src/components/Product/ProductPointsDetails/ProductName.tsx","statementMap":{"0":{"start":{"line":9,"column":20},"end":{"line":17,"column":1}},"1":{"start":{"line":10,"column":2},"end":{"line":16,"column":4}},"2":{"start":{"line":19,"column":15},"end":{"line":30,"column":2}}},"fnMap":{"0":{"name":"(anonymous_0)","decl":{"start":{"line":9,"column":20},"end":{"line":9,"column":21}},"loc":{"start":{"line":9,"column":52},"end":{"line":17,"column":1}},"line":9}},"branchMap":{},"s":{"0":2,"1":2,"2":2},"f":{"0":2},"b":{},"_coverageSchema":"1a1c01bbd47fc00a2c39e90264f33305004495a9","hash":"2b05aef5b130996998060042b63990c30253d518"}
,"/Users/andy/Documents/GitHub/cruzAndresDemo/src/components/custom/CustomButton.tsx": {"path":"/Users/andy/Documents/GitHub/cruzAndresDemo/src/components/custom/CustomButton.tsx","statementMap":{"0":{"start":{"line":17,"column":21},"end":{"line":23,"column":1}},"1":{"start":{"line":18,"column":2},"end":{"line":22,"column":4}},"2":{"start":{"line":25,"column":0},"end":{"line":35,"column":2}},"3":{"start":{"line":26,"column":2},"end":{"line":34,"column":4}},"4":{"start":{"line":37,"column":0},"end":{"line":48,"column":2}},"5":{"start":{"line":43,"column":2},"end":{"line":47,"column":4}}},"fnMap":{"0":{"name":"(anonymous_0)","decl":{"start":{"line":17,"column":21},"end":{"line":17,"column":22}},"loc":{"start":{"line":17,"column":77},"end":{"line":23,"column":1}},"line":17},"1":{"name":"(anonymous_1)","decl":{"start":{"line":25,"column":23},"end":{"line":25,"column":24}},"loc":{"start":{"line":25,"column":79},"end":{"line":35,"column":1}},"line":25},"2":{"name":"(anonymous_2)","decl":{"start":{"line":37,"column":25},"end":{"line":37,"column":26}},"loc":{"start":{"line":42,"column":19},"end":{"line":48,"column":1}},"line":42}},"branchMap":{},"s":{"0":2,"1":27,"2":2,"3":27,"4":2,"5":0},"f":{"0":27,"1":27,"2":0},"b":{},"_coverageSchema":"1a1c01bbd47fc00a2c39e90264f33305004495a9","hash":"4e775ad26c23f83f38a54465393613e1c67768b0"}
,"/Users/andy/Documents/GitHub/cruzAndresDemo/src/components/custom/CustomLabel.tsx": {"path":"/Users/andy/Documents/GitHub/cruzAndresDemo/src/components/custom/CustomLabel.tsx","statementMap":{"0":{"start":{"line":13,"column":20},"end":{"line":28,"column":1}},"1":{"start":{"line":21,"column":2},"end":{"line":27,"column":4}},"2":{"start":{"line":29,"column":0},"end":{"line":43,"column":2}},"3":{"start":{"line":36,"column":2},"end":{"line":42,"column":4}},"4":{"start":{"line":44,"column":0},"end":{"line":58,"column":2}},"5":{"start":{"line":51,"column":2},"end":{"line":57,"column":4}},"6":{"start":{"line":60,"column":0},"end":{"line":74,"column":2}},"7":{"start":{"line":67,"column":2},"end":{"line":73,"column":4}},"8":{"start":{"line":76,"column":0},"end":{"line":90,"column":2}},"9":{"start":{"line":83,"column":2},"end":{"line":89,"column":4}},"10":{"start":{"line":92,"column":15},"end":{"line":113,"column":2}}},"fnMap":{"0":{"name":"(anonymous_0)","decl":{"start":{"line":13,"column":20},"end":{"line":13,"column":21}},"loc":{"start":{"line":20,"column":17},"end":{"line":28,"column":1}},"line":20},"1":{"name":"(anonymous_1)","decl":{"start":{"line":29,"column":24},"end":{"line":29,"column":25}},"loc":{"start":{"line":35,"column":17},"end":{"line":43,"column":1}},"line":35},"2":{"name":"(anonymous_2)","decl":{"start":{"line":44,"column":24},"end":{"line":44,"column":25}},"loc":{"start":{"line":50,"column":17},"end":{"line":58,"column":1}},"line":50},"3":{"name":"(anonymous_3)","decl":{"start":{"line":60,"column":27},"end":{"line":60,"column":28}},"loc":{"start":{"line":66,"column":17},"end":{"line":74,"column":1}},"line":66},"4":{"name":"(anonymous_4)","decl":{"start":{"line":76,"column":23},"end":{"line":76,"column":24}},"loc":{"start":{"line":82,"column":17},"end":{"line":90,"column":1}},"line":82}},"branchMap":{"0":{"loc":{"start":{"line":15,"column":2},"end":{"line":15,"column":12}},"type":"default-arg","locations":[{"start":{"line":15,"column":10},"end":{"line":15,"column":12}}],"line":15},"1":{"loc":{"start":{"line":16,"column":2},"end":{"line":16,"column":11}},"type":"default-arg","locations":[{"start":{"line":16,"column":9},"end":{"line":16,"column":11}}],"line":16},"2":{"loc":{"start":{"line":17,"column":2},"end":{"line":17,"column":23}},"type":"default-arg","locations":[{"start":{"line":17,"column":15},"end":{"line":17,"column":23}}],"line":17},"3":{"loc":{"start":{"line":18,"column":2},"end":{"line":18,"column":16}},"type":"default-arg","locations":[{"start":{"line":18,"column":10},"end":{"line":18,"column":16}}],"line":18},"4":{"loc":{"start":{"line":19,"column":2},"end":{"line":19,"column":19}},"type":"default-arg","locations":[{"start":{"line":19,"column":18},"end":{"line":19,"column":19}}],"line":19},"5":{"loc":{"start":{"line":34,"column":2},"end":{"line":34,"column":19}},"type":"default-arg","locations":[{"start":{"line":34,"column":18},"end":{"line":34,"column":19}}],"line":34},"6":{"loc":{"start":{"line":49,"column":2},"end":{"line":49,"column":19}},"type":"default-arg","locations":[{"start":{"line":49,"column":18},"end":{"line":49,"column":19}}],"line":49},"7":{"loc":{"start":{"line":65,"column":2},"end":{"line":65,"column":19}},"type":"default-arg","locations":[{"start":{"line":65,"column":18},"end":{"line":65,"column":19}}],"line":65},"8":{"loc":{"start":{"line":81,"column":2},"end":{"line":81,"column":19}},"type":"default-arg","locations":[{"start":{"line":81,"column":18},"end":{"line":81,"column":19}}],"line":81}},"s":{"0":8,"1":3,"2":8,"3":34,"4":8,"5":32,"6":8,"7":20,"8":8,"9":39,"10":8},"f":{"0":3,"1":34,"2":32,"3":20,"4":39},"b":{"0":[0],"1":[3],"2":[3],"3":[3],"4":[3],"5":[34],"6":[32],"7":[20],"8":[39]},"_coverageSchema":"1a1c01bbd47fc00a2c39e90264f33305004495a9","hash":"107bcd0a09fb21931b7247e688aac3671192b6f1"}
,"/Users/andy/Documents/GitHub/cruzAndresDemo/src/hooks/useProductData.ts": {"path":"/Users/andy/Documents/GitHub/cruzAndresDemo/src/hooks/useProductData.ts","statementMap":{"0":{"start":{"line":4,"column":23},"end":{"line":27,"column":1}},"1":{"start":{"line":5,"column":40},"end":{"line":5,"column":72}},"2":{"start":{"line":7,"column":2},"end":{"line":24,"column":12}},"3":{"start":{"line":8,"column":29},"end":{"line":21,"column":5}},"4":{"start":{"line":9,"column":25},"end":{"line":9,"column":46}},"5":{"start":{"line":10,"column":23},"end":{"line":10,"column":33}},"6":{"start":{"line":11,"column":6},"end":{"line":20,"column":7}},"7":{"start":{"line":12,"column":25},"end":{"line":12,"column":51}},"8":{"start":{"line":13,"column":21},"end":{"line":13,"column":42}},"9":{"start":{"line":14,"column":8},"end":{"line":16,"column":9}},"10":{"start":{"line":15,"column":10},"end":{"line":15,"column":53}},"11":{"start":{"line":17,"column":8},"end":{"line":17,"column":29}},"12":{"start":{"line":19,"column":8},"end":{"line":19,"column":35}},"13":{"start":{"line":23,"column":4},"end":{"line":23,"column":23}},"14":{"start":{"line":26,"column":2},"end":{"line":26,"column":21}}},"fnMap":{"0":{"name":"(anonymous_0)","decl":{"start":{"line":4,"column":23},"end":{"line":4,"column":24}},"loc":{"start":{"line":4,"column":40},"end":{"line":27,"column":1}},"line":4},"1":{"name":"(anonymous_1)","decl":{"start":{"line":7,"column":12},"end":{"line":7,"column":13}},"loc":{"start":{"line":7,"column":18},"end":{"line":24,"column":3}},"line":7},"2":{"name":"(anonymous_2)","decl":{"start":{"line":8,"column":29},"end":{"line":8,"column":30}},"loc":{"start":{"line":8,"column":41},"end":{"line":21,"column":5}},"line":8}},"branchMap":{"0":{"loc":{"start":{"line":14,"column":8},"end":{"line":16,"column":9}},"type":"if","locations":[{"start":{"line":14,"column":8},"end":{"line":16,"column":9}},{"start":{},"end":{}}],"line":14}},"s":{"0":2,"1":18,"2":18,"3":9,"4":9,"5":9,"6":9,"7":9,"8":1,"9":1,"10":0,"11":1,"12":0,"13":9,"14":18},"f":{"0":18,"1":9,"2":9},"b":{"0":[0,1]},"_coverageSchema":"1a1c01bbd47fc00a2c39e90264f33305004495a9","hash":"6f0176156352d34518589d63d8a9d0fec4987c42"}
,"/Users/andy/Documents/GitHub/cruzAndresDemo/src/screens/ProductPoints.tsx": {"path":"/Users/andy/Documents/GitHub/cruzAndresDemo/src/screens/ProductPoints.tsx","statementMap":{"0":{"start":{"line":21,"column":22},"end":{"line":21,"column":53}},"1":{"start":{"line":23,"column":42},"end":{"line":23,"column":72}},"2":{"start":{"line":24,"column":56},"end":{"line":24,"column":79}},"3":{"start":{"line":26,"column":21},"end":{"line":26,"column":75}},"4":{"start":{"line":26,"column":52},"end":{"line":26,"column":74}},"5":{"start":{"line":27,"column":23},"end":{"line":27,"column":78}},"6":{"start":{"line":27,"column":54},"end":{"line":27,"column":77}},"7":{"start":{"line":30,"column":19},"end":{"line":32,"column":5}},"8":{"start":{"line":31,"column":18},"end":{"line":31,"column":49}},"9":{"start":{"line":33,"column":24},"end":{"line":33,"column":76}},"10":{"start":{"line":33,"column":54},"end":{"line":33,"column":72}},"11":{"start":{"line":35,"column":4},"end":{"line":39,"column":6}},"12":{"start":{"line":43,"column":4},"end":{"line":43,"column":49}},"13":{"start":{"line":44,"column":4},"end":{"line":46,"column":5}},"14":{"start":{"line":45,"column":6},"end":{"line":45,"column":34}},"15":{"start":{"line":50,"column":4},"end":{"line":50,"column":49}},"16":{"start":{"line":51,"column":4},"end":{"line":53,"column":5}},"17":{"start":{"line":52,"column":6},"end":{"line":52,"column":36}},"18":{"start":{"line":56,"column":2},"end":{"line":77,"column":4}},"19":{"start":{"line":72,"column":25},"end":{"line":72,"column":69}},"20":{"start":{"line":79,"column":15},"end":{"line":86,"column":2}}},"fnMap":{"0":{"name":"ProductPoints","decl":{"start":{"line":20,"column":9},"end":{"line":20,"column":22}},"loc":{"start":{"line":20,"column":25},"end":{"line":78,"column":1}},"line":20},"1":{"name":"(anonymous_1)","decl":{"start":{"line":26,"column":41},"end":{"line":26,"column":42}},"loc":{"start":{"line":26,"column":52},"end":{"line":26,"column":74}},"line":26},"2":{"name":"(anonymous_2)","decl":{"start":{"line":27,"column":43},"end":{"line":27,"column":44}},"loc":{"start":{"line":27,"column":54},"end":{"line":27,"column":77}},"line":27},"3":{"name":"getTotalPoints","decl":{"start":{"line":29,"column":11},"end":{"line":29,"column":25}},"loc":{"start":{"line":29,"column":28},"end":{"line":40,"column":3}},"line":29},"4":{"name":"(anonymous_4)","decl":{"start":{"line":31,"column":6},"end":{"line":31,"column":7}},"loc":{"start":{"line":31,"column":18},"end":{"line":31,"column":49}},"line":31},"5":{"name":"(anonymous_5)","decl":{"start":{"line":33,"column":39},"end":{"line":33,"column":40}},"loc":{"start":{"line":33,"column":54},"end":{"line":33,"column":72}},"line":33},"6":{"name":"setFilteredEarnedData","decl":{"start":{"line":42,"column":11},"end":{"line":42,"column":32}},"loc":{"start":{"line":42,"column":35},"end":{"line":47,"column":3}},"line":42},"7":{"name":"setFilteredRedeemedData","decl":{"start":{"line":49,"column":11},"end":{"line":49,"column":34}},"loc":{"start":{"line":49,"column":37},"end":{"line":54,"column":3}},"line":49},"8":{"name":"(anonymous_8)","decl":{"start":{"line":72,"column":19},"end":{"line":72,"column":20}},"loc":{"start":{"line":72,"column":25},"end":{"line":72,"column":69}},"line":72}},"branchMap":{"0":{"loc":{"start":{"line":31,"column":18},"end":{"line":31,"column":49}},"type":"binary-expr","locations":[{"start":{"line":31,"column":18},"end":{"line":31,"column":43}},{"start":{"line":31,"column":47},"end":{"line":31,"column":49}}],"line":31},"1":{"loc":{"start":{"line":36,"column":6},"end":{"line":38,"column":15}},"type":"binary-expr","locations":[{"start":{"line":36,"column":6},"end":{"line":38,"column":8}},{"start":{"line":38,"column":12},"end":{"line":38,"column":15}}],"line":36},"2":{"loc":{"start":{"line":44,"column":4},"end":{"line":46,"column":5}},"type":"if","locations":[{"start":{"line":44,"column":4},"end":{"line":46,"column":5}},{"start":{},"end":{}}],"line":44},"3":{"loc":{"start":{"line":51,"column":4},"end":{"line":53,"column":5}},"type":"if","locations":[{"start":{"line":51,"column":4},"end":{"line":53,"column":5}},{"start":{},"end":{}}],"line":51},"4":{"loc":{"start":{"line":61,"column":14},"end":{"line":61,"column":62}},"type":"cond-expr","locations":[{"start":{"line":61,"column":36},"end":{"line":61,"column":47}},{"start":{"line":61,"column":50},"end":{"line":61,"column":62}}],"line":61},"5":{"loc":{"start":{"line":63,"column":7},"end":{"line":75,"column":7}},"type":"cond-expr","locations":[{"start":{"line":64,"column":8},"end":{"line":68,"column":10}},{"start":{"line":70,"column":8},"end":{"line":74,"column":24}}],"line":63}},"s":{"0":16,"1":16,"2":16,"3":16,"4":0,"5":16,"6":0,"7":16,"8":0,"9":16,"10":0,"11":16,"12":4,"13":4,"14":0,"15":2,"16":2,"17":0,"18":16,"19":2,"20":1},"f":{"0":16,"1":0,"2":0,"3":16,"4":0,"5":0,"6":4,"7":2,"8":2},"b":{"0":[0,0],"1":[16,16],"2":[0,4],"3":[0,2],"4":[10,6],"5":[10,6]},"_coverageSchema":"1a1c01bbd47fc00a2c39e90264f33305004495a9","hash":"2883b6c4b53e75d635a8d5c4ce2fb71027d23e69"}
,"/Users/andy/Documents/GitHub/cruzAndresDemo/src/screens/ProductPointsDetails.tsx": {"path":"/Users/andy/Documents/GitHub/cruzAndresDemo/src/screens/ProductPointsDetails.tsx","statementMap":{"0":{"start":{"line":17,"column":21},"end":{"line":17,"column":77}},"1":{"start":{"line":20,"column":4},"end":{"line":20,"column":16}},"2":{"start":{"line":22,"column":2},"end":{"line":38,"column":4}},"3":{"start":{"line":33,"column":25},"end":{"line":33,"column":41}},"4":{"start":{"line":43,"column":15},"end":{"line":60,"column":2}}},"fnMap":{"0":{"name":"ProductPointsDetails","decl":{"start":{"line":16,"column":16},"end":{"line":16,"column":36}},"loc":{"start":{"line":16,"column":73},"end":{"line":39,"column":1}},"line":16},"1":{"name":"(anonymous_1)","decl":{"start":{"line":33,"column":19},"end":{"line":33,"column":20}},"loc":{"start":{"line":33,"column":25},"end":{"line":33,"column":41}},"line":33}},"branchMap":{},"s":{"0":1,"1":1,"2":1,"3":0,"4":1},"f":{"0":1,"1":0},"b":{},"_coverageSchema":"1a1c01bbd47fc00a2c39e90264f33305004495a9","hash":"94dd365218071e2c1df26b7c506f96dc0826457d"}
}
