{"total": {"lines":{"total":77,"covered":70,"skipped":0,"pct":90.9},"statements":{"total":80,"covered":70,"skipped":0,"pct":87.5},"functions":{"total":31,"covered":25,"skipped":0,"pct":80.64},"branches":{"total":27,"covered":21,"skipped":0,"pct":77.77},"branchesTrue":{"total":0,"covered":0,"skipped":0,"pct":100}}
,"/Users/andy/Documents/GitHub/cruzAndresDemo/src/Utils/utils.ts": {"lines":{"total":3,"covered":3,"skipped":0,"pct":100},"functions":{"total":1,"covered":1,"skipped":0,"pct":100},"statements":{"total":3,"covered":3,"skipped":0,"pct":100},"branches":{"total":0,"covered":0,"skipped":0,"pct":100}}
,"/Users/andy/Documents/GitHub/cruzAndresDemo/src/components/CustomLabel.tsx": {"lines":{"total":11,"covered":11,"skipped":0,"pct":100},"functions":{"total":5,"covered":5,"skipped":0,"pct":100},"statements":{"total":11,"covered":11,"skipped":0,"pct":100},"branches":{"total":9,"covered":8,"skipped":0,"pct":88.88}}
,"/Users/andy/Documents/GitHub/cruzAndresDemo/src/components/DynamicButton.tsx": {"lines":{"total":6,"covered":5,"skipped":0,"pct":83.33},"functions":{"total":3,"covered":2,"skipped":0,"pct":66.66},"statements":{"total":6,"covered":5,"skipped":0,"pct":83.33},"branches":{"total":0,"covered":0,"skipped":0,"pct":100}}
,"/Users/andy/Documents/GitHub/cruzAndresDemo/src/components/Product/FilterButtons.tsx": {"lines":{"total":4,"covered":4,"skipped":0,"pct":100},"functions":{"total":2,"covered":2,"skipped":0,"pct":100},"statements":{"total":4,"covered":4,"skipped":0,"pct":100},"branches":{"total":0,"covered":0,"skipped":0,"pct":100}}
,"/Users/andy/Documents/GitHub/cruzAndresDemo/src/components/Product/ProductButton.tsx": {"lines":{"total":3,"covered":3,"skipped":0,"pct":100},"functions":{"total":1,"covered":1,"skipped":0,"pct":100},"statements":{"total":3,"covered":3,"skipped":0,"pct":100},"branches":{"total":0,"covered":0,"skipped":0,"pct":100}}
,"/Users/andy/Documents/GitHub/cruzAndresDemo/src/components/Product/ProductItem.tsx": {"lines":{"total":6,"covered":6,"skipped":0,"pct":100},"functions":{"total":2,"covered":2,"skipped":0,"pct":100},"statements":{"total":6,"covered":6,"skipped":0,"pct":100},"branches":{"total":4,"covered":4,"skipped":0,"pct":100}}
,"/Users/andy/Documents/GitHub/cruzAndresDemo/src/components/Product/ProductPointsCard.tsx": {"lines":{"total":2,"covered":2,"skipped":0,"pct":100},"functions":{"total":1,"covered":1,"skipped":0,"pct":100},"statements":{"total":2,"covered":2,"skipped":0,"pct":100},"branches":{"total":0,"covered":0,"skipped":0,"pct":100}}
,"/Users/andy/Documents/GitHub/cruzAndresDemo/src/components/Product/ProductPointsList.tsx": {"lines":{"total":3,"covered":3,"skipped":0,"pct":100},"functions":{"total":2,"covered":2,"skipped":0,"pct":100},"statements":{"total":3,"covered":3,"skipped":0,"pct":100},"branches":{"total":0,"covered":0,"skipped":0,"pct":100}}
,"/Users/andy/Documents/GitHub/cruzAndresDemo/src/hooks/useProductData.ts": {"lines":{"total":15,"covered":13,"skipped":0,"pct":86.66},"functions":{"total":3,"covered":3,"skipped":0,"pct":100},"statements":{"total":15,"covered":13,"skipped":0,"pct":86.66},"branches":{"total":2,"covered":1,"skipped":0,"pct":50}}
,"/Users/andy/Documents/GitHub/cruzAndresDemo/src/screens/ProductPoints.tsx": {"lines":{"total":19,"covered":16,"skipped":0,"pct":84.21},"functions":{"total":9,"covered":5,"skipped":0,"pct":55.55},"statements":{"total":22,"covered":16,"skipped":0,"pct":72.72},"branches":{"total":12,"covered":8,"skipped":0,"pct":66.66}}
,"/Users/andy/Documents/GitHub/cruzAndresDemo/src/screens/ProductPointsDetails.tsx": {"lines":{"total":5,"covered":4,"skipped":0,"pct":80},"functions":{"total":2,"covered":1,"skipped":0,"pct":50},"statements":{"total":5,"covered":4,"skipped":0,"pct":80},"branches":{"total":0,"covered":0,"skipped":0,"pct":100}}
}
