TN:
SF:src/Utils/constants.ts
FNF:0
FNH:0
DA:1,7
DA:18,7
LF:2
LH:2
BRF:0
BRH:0
end_of_record
TN:
SF:src/Utils/utils.ts
FN:1,formatDate
FNF:1
FNH:1
FNDA:4,formatDate
DA:2,4
DA:7,4
DA:8,4
LF:3
LH:3
BRF:0
BRH:0
end_of_record
TN:
SF:src/components/Product/ProductButton.tsx
FN:16,(anonymous_0)
FNF:1
FNH:1
FNDA:7,(anonymous_0)
DA:16,2
DA:17,7
DA:28,2
LF:3
LH:3
BRF:0
BRH:0
end_of_record
TN:
SF:src/components/Product/ProductPoints/FilterButtons.tsx
FN:11,(anonymous_0)
FN:16,(anonymous_1)
FNF:2
FNH:2
FNDA:10,(anonymous_0)
FNDA:4,(anonymous_1)
DA:11,1
DA:12,10
DA:16,4
DA:28,1
LF:4
LH:4
BRF:0
BRH:0
end_of_record
TN:
SF:src/components/Product/ProductPoints/ProductItem.tsx
FN:11,ProductItem
FN:18,navigateToProductPointsDetails
FNF:2
FNH:2
FNDA:3,ProductItem
FNDA:1,navigateToProductPointsDetails
DA:12,3
DA:14,3
DA:16,3
DA:19,1
DA:27,3
DA:69,3
LF:6
LH:6
BRDA:53,0,0,2
BRDA:53,0,1,1
BRDA:55,1,0,2
BRDA:55,1,1,1
BRF:4
BRH:4
end_of_record
TN:
SF:src/components/Product/ProductPoints/ProductPointsCard.tsx
FN:9,(anonymous_0)
FNF:1
FNH:1
FNDA:17,(anonymous_0)
DA:9,2
DA:10,17
DA:27,2
LF:3
LH:3
BRF:0
BRH:0
end_of_record
TN:
SF:src/components/Product/ProductPoints/ProductPointsList.tsx
FN:11,(anonymous_0)
FN:21,(anonymous_1)
FNF:2
FNH:2
FNDA:18,(anonymous_0)
FNDA:1,(anonymous_1)
DA:11,2
DA:12,18
DA:22,1
DA:32,2
LF:4
LH:4
BRF:0
BRH:0
end_of_record
TN:
SF:src/components/Product/ProductPoints/WelcomeBackUser.tsx
FN:6,(anonymous_0)
FNF:1
FNH:1
FNDA:17,(anonymous_0)
DA:6,2
DA:7,17
DA:19,2
LF:3
LH:3
BRF:0
BRH:0
end_of_record
TN:
SF:src/components/Product/ProductPointsDetails/ProductImage.tsx
FN:9,(anonymous_0)
FNF:1
FNH:1
FNDA:2,(anonymous_0)
DA:9,2
DA:10,2
DA:25,2
LF:3
LH:3
BRF:0
BRH:0
end_of_record
TN:
SF:src/components/Product/ProductPointsDetails/ProductInformation.tsx
FN:11,(anonymous_0)
FNF:1
FNH:1
FNDA:2,(anonymous_0)
DA:11,2
DA:15,2
DA:33,2
LF:3
LH:3
BRF:0
BRH:0
end_of_record
TN:
SF:src/components/Product/ProductPointsDetails/ProductName.tsx
FN:9,(anonymous_0)
FNF:1
FNH:1
FNDA:2,(anonymous_0)
DA:9,2
DA:10,2
DA:19,2
LF:3
LH:3
BRF:0
BRH:0
end_of_record
TN:
SF:src/components/custom/CustomButton.tsx
FN:17,(anonymous_0)
FN:25,(anonymous_1)
FN:37,(anonymous_2)
FNF:3
FNH:2
FNDA:27,(anonymous_0)
FNDA:27,(anonymous_1)
FNDA:0,(anonymous_2)
DA:17,2
DA:18,27
DA:25,2
DA:26,27
DA:37,2
DA:43,0
LF:6
LH:5
BRF:0
BRH:0
end_of_record
TN:
SF:src/components/custom/CustomLabel.tsx
FN:13,(anonymous_0)
FN:29,(anonymous_1)
FN:44,(anonymous_2)
FN:60,(anonymous_3)
FN:76,(anonymous_4)
FNF:5
FNH:5
FNDA:3,(anonymous_0)
FNDA:34,(anonymous_1)
FNDA:32,(anonymous_2)
FNDA:20,(anonymous_3)
FNDA:39,(anonymous_4)
DA:13,8
DA:21,3
DA:29,8
DA:36,34
DA:44,8
DA:51,32
DA:60,8
DA:67,20
DA:76,8
DA:83,39
DA:92,8
LF:11
LH:11
BRDA:15,0,0,0
BRDA:16,1,0,3
BRDA:17,2,0,3
BRDA:18,3,0,3
BRDA:19,4,0,3
BRDA:34,5,0,34
BRDA:49,6,0,32
BRDA:65,7,0,20
BRDA:81,8,0,39
BRF:9
BRH:8
end_of_record
TN:
SF:src/hooks/useProductData.ts
FN:4,(anonymous_0)
FN:7,(anonymous_1)
FN:8,(anonymous_2)
FNF:3
FNH:3
FNDA:18,(anonymous_0)
FNDA:9,(anonymous_1)
FNDA:9,(anonymous_2)
DA:4,2
DA:5,18
DA:7,18
DA:8,9
DA:9,9
DA:10,9
DA:11,9
DA:12,9
DA:13,1
DA:14,1
DA:15,0
DA:17,1
DA:19,0
DA:23,9
DA:26,18
LF:15
LH:13
BRDA:14,0,0,0
BRDA:14,0,1,1
BRF:2
BRH:1
end_of_record
TN:
SF:src/screens/ProductPoints.tsx
FN:20,ProductPoints
FN:26,(anonymous_1)
FN:27,(anonymous_2)
FN:29,getTotalPoints
FN:31,(anonymous_4)
FN:33,(anonymous_5)
FN:42,setFilteredEarnedData
FN:49,setFilteredRedeemedData
FN:72,(anonymous_8)
FNF:9
FNH:5
FNDA:16,ProductPoints
FNDA:0,(anonymous_1)
FNDA:0,(anonymous_2)
FNDA:16,getTotalPoints
FNDA:0,(anonymous_4)
FNDA:0,(anonymous_5)
FNDA:4,setFilteredEarnedData
FNDA:2,setFilteredRedeemedData
FNDA:2,(anonymous_8)
DA:21,16
DA:23,16
DA:24,16
DA:26,16
DA:27,16
DA:30,16
DA:31,0
DA:33,16
DA:35,16
DA:43,4
DA:44,4
DA:45,0
DA:50,2
DA:51,2
DA:52,0
DA:56,16
DA:72,2
DA:79,1
LF:18
LH:15
BRDA:31,0,0,0
BRDA:31,0,1,0
BRDA:36,1,0,16
BRDA:36,1,1,16
BRDA:44,2,0,0
BRDA:44,2,1,4
BRDA:51,3,0,0
BRDA:51,3,1,2
BRDA:61,4,0,10
BRDA:61,4,1,6
BRDA:63,5,0,10
BRDA:63,5,1,6
BRF:12
BRH:8
end_of_record
TN:
SF:src/screens/ProductPointsDetails.tsx
FN:16,ProductPointsDetails
FN:33,(anonymous_1)
FNF:2
FNH:1
FNDA:1,ProductPointsDetails
FNDA:0,(anonymous_1)
DA:17,1
DA:20,1
DA:22,1
DA:33,0
DA:43,1
LF:5
LH:4
BRF:0
BRH:0
end_of_record
